Arguments: 
  C:\Program Files\nodejs\node.exe C:\Program Files (x86)\Yarn\bin\yarn.js add @babel/plugin-proposal-optional-chaining @babel/plugin-proposal-nullish-coalescing-operator

PATH: 
  D:\Users\wczhan\bin;C:\Program Files\Git\mingw64\bin;C:\Program Files\Git\usr\local\bin;C:\Program Files\Git\usr\bin;C:\Program Files\Git\usr\bin;C:\Program Files\Git\mingw64\bin;C:\Program Files\Git\usr\bin;D:\Users\wczhan\bin;C:\Program Files (x86)\Common Files\Oracle\Java\javapath;C:\Program Files\Python\Scripts;C:\Program Files\Python;C:\ProgramData\Oracle\Java\javapath;C:\Program Files (x86)\Intel\iCLS Client;C:\Program Files\Intel\iCLS Client;C:\Windows\system32;C:\Windows;C:\Windows\System32\Wbem;C:\Windows\System32\WindowsPowerShell\v1.0;C:\Program Files (x86)\Microsoft SQL Server\100\Tools\Binn\VSShell\Common7\IDE;C:\Program Files (x86)\Microsoft SQL Server\100\Tools\Binn;C:\Program Files (x86)\Microsoft Visual Studio 9.0\Common7\IDE\PrivateAssemblies;C:\Program Files (x86)\Microsoft SQL Server\100\DTS\Binn;C:\Program Files\Microsoft SQL Server\100\Tools\Binn;C:\Program Files\Microsoft SQL Server\100\DTS\Binn;C:\Program Files (x86)\Intel\OpenCL SDK\2.0\bin\x86;C:\Program Files (x86)\Intel\OpenCL SDK\2.0\bin\x64;C:\Program Files\Intel\Intel(R) Management Engine Components\DAL;C:\Program Files\Intel\Intel(R) Management Engine Components\IPT;C:\Program Files (x86)\Intel\Intel(R) Management Engine Components\DAL;C:\Program Files (x86)\Intel\Intel(R) Management Engine Compo;C:\Program Files\Microsoft VS Code\bin;C:\Program Files\Git\cmd;C:\Program Files\TortoiseGit\bin;C:\Program Files (x86)\Yarn\bin;C:\Program Files\Microsoft\Web Platform Installer;C:\dev\nvm;C:\Program Files\nodejs;E:\android-windows-sdk\platform-tools;E:\android-windows-sdk\tools;C:\Program Files\Java\jdk1.8.0_91;C:\WINDOWS\system32;C:\WINDOWS;C:\WINDOWS\System32\Wbem;C:\WINDOWS\System32\WindowsPowerShell\v1.0;C:\WINDOWS\System32\OpenSSH;D:\Users\wczhan\.windows-build-tools\python27;C:\Program Files\nodejs\node_modules\npm\node_modules\npm-lifecycle\node-gyp-bin;D:\Users\wczhan\AppData\Roaming\npm\node_modules\windows-build-tools\node_modules\.bin;D:\Users\wczhan\AppData\Roaming\npm\node_modules\.bin;D:\Users\wczhan\bin;C:\Program Files\Git\mingw64\bin;C:\Program Files\Git\usr\local\bin;C:\Program Files\Git\usr\bin;C:\Program Files (x86)\Common Files\Oracle\Java\javapath;C:\DevTools\nvm;C:\DevTools\nodejs;C:\Program Files\Python\Scripts;C:\Program Files\Python;C:\ProgramData\Oracle\Java\javapath;C:\Program Files (x86)\Intel\iCLS Client;C:\Program Files\Intel\iCLS Client;C:\Windows\system32;C:\Windows;C:\Windows\System32\Wbem;C:\Windows\System32\WindowsPowerShell\v1.0;C:\Program Files (x86)\Microsoft SQL Server\100\Tools\Binn\VSShell\Common7\IDE;C:\Program Files (x86)\Microsoft SQL Server\100\Tools\Binn;C:\Program Files (x86)\Microsoft Visual Studio 9.0\Common7\IDE\PrivateAssemblies;C:\Program Files (x86)\Microsoft SQL Server\100\DTS\Binn;C:\Program Files\Microsoft SQL Server\100\Tools\Binn;C:\Program Files\Microsoft SQL Server\100\DTS\Binn;C:\Program Files (x86)\Intel\OpenCL SDK\2.0\bin\x86;C:\Program Files (x86)\Intel\OpenCL SDK\2.0\bin\x64;C:\Program Files\Intel\Intel(R) Management Engine Components\DAL;C:\Program Files\Intel\Intel(R) Management Engine Components\IPT;C:\Program Files (x86)\Intel\Intel(R) Management Engine Components\DAL;C:\Program Files (x86)\Intel\Intel(R) Management Engine Compo;C:\Program Files\Microsoft VS Code\bin;C:\Program Files\Git\cmd;C:\Program Files\TortoiseGit\bin;C:\Program Files (x86)\Yarn\bin;C:\Program Files\nodejs;D:\Users\wczhan\.windows-build-tools\python27;D:\Users\wczhan\AppData\Roaming\npm\node_modules\windows-build-tools\node_modules\.bin;D:\Users\wczhan\AppData\Roaming\npm\node_modules\.bin;C:\Program Files\Git\usr\bin\vendor_perl;C:\Program Files\Git\usr\bin\core_perl;C:\dev\nvm;C:\Program Files\nodejs;D:\Users\wczhan\AppData\Local\Microsoft\WindowsApps;C:\Program Files\Git\usr\bin\vendor_perl;C:\Program Files\Git\usr\bin\core_perl

Yarn version: 
  1.15.2

Node version: 
  12.13.0

Platform: 
  win32 x64

Trace: 
  Error: ENOENT: no such file or directory, copyfile 'd:\Users\wczhan\AppData\Local\Yarn\Cache\v4\npm-color-name-1.1.3-a7d0558bd89c42f795dd42328f740831ca53bc25\node_modules\color-name\.eslintrc.json' -> 'E:\testspace\nodeTest\node_modules\@babel\highlight\node_modules\color-name\.eslintrc.json'

npm manifest: 
  {
    "name": "nodetest",
    "version": "1.0.0",
    "description": "",
    "main": "index.js",
    "scripts": {
      "test": "cross-env NODE_ENV=test jest",
      "test-c": "jest --coverage",
      "dev-ts": "ts-node-dev app/nodeBaseTest/test.ts",
      "dev": "cross-env PORT=9000 NODE_ENV=development \"npm run lint && ts-node-dev app/index.ts\"",
      "start": "concurrently \"npm run lint && ts-node-dev app/index.ts\" \"cd html && npm run start\"",
      "build": "concurrently \"rimraf dist && npm run lint && tsc -p tsconfig.build.json\" \"cd html && npm run build\"",
      "lint": "./node_modules/.bin/eslint --color --cache --format=node_modules/eslint-formatter-pretty app/**/*.ts"
    },
    "pre-commit": [
      "lint"
    ],
    "repository": {
      "type": "git",
      "url": "git+https://github.com/weichaozhan/nodeTest.git"
    },
    "author": "",
    "license": "ISC",
    "bugs": {
      "url": "https://github.com/weichaozhan/nodeTest/issues"
    },
    "homepage": "https://github.com/weichaozhan/nodeTest#readme",
    "dependencies": {
      "@types/bcrypt": "^3.0.0",
      "@types/draft-js": "^0.10.38",
      "@types/jsonwebtoken": "^8.3.8",
      "@types/koa": "^2.11.0",
      "@types/koa-router": "^7.0.42",
      "@types/mongoose": "^5.5.34",
      "@types/supertest": "^2.0.8",
      "bcrypt": "^4.0.1",
      "colors": "^1.4.0",
      "draft-js": "^0.11.5",
      "form-data": "^3.0.0",
      "jsonwebtoken": "^8.5.1",
      "koa": "^2.11.0",
      "koa-bodyparser": "^4.2.1",
      "koa-router": "^7.4.0",
      "koa-static": "^5.0.0",
      "koa2-cors": "^2.0.6",
      "mongoose": "^5.8.0",
      "query-string": "^6.9.0",
      "redis": "^2.8.0",
      "uuid": "^3.3.3"
    },
    "devDependencies": {
      "@types/jest": "^25.1.4",
      "@types/node": "^12.12.11",
      "@typescript-eslint/eslint-plugin": "^2.5.0",
      "@typescript-eslint/parser": "^2.5.0",
      "concurrently": "^5.0.1",
      "cross-env": "^6.0.3",
      "eslint": "^6.6.0",
      "eslint-config-alloy": "^3.0.0",
      "eslint-formatter-pretty": "^2.1.1",
      "jest": "^25.2.4",
      "nodemon": "^1.19.4",
      "pm2": "^4.1.2",
      "pre-commit": "^1.2.2",
      "rimraf": "^3.0.0",
      "supertest": "^4.0.2",
      "ts-jest": "^25.3.0",
      "ts-node-dev": "^1.0.0-pre.43",
      "typescript": "^3.7.3"
    }
  }

yarn manifest: 
  No manifest

Lockfile: 
  No lockfile
